

> @dddforum/backend@1.0.0 typecheck /Users/khalilstemmler/Documents/Personal/current/the-software-essentialist/ThePhasesOfCraftship/5_value_first/exercises/1_frontend-fa2str/apps/backend
> tsc --noEmit

[96msrc/modules/comments/application/useCases/voteOnComment/voteOnComment.ts[0m:[93m9[0m:[93m38[0m - [91merror[0m[90m TS2306: [0mFile '/Users/khalilstemmler/Documents/Personal/current/the-software-essentialist/ThePhasesOfCraftship/5_value_first/exercises/1_frontend-fa2str/apps/backend/src/modules/votes/votesCommands.ts' is not a module.

[7m9[0m import { VoteOnCommentCommand } from "../../../../votes/votesCommands";
[7m [0m [91m                                     ~~~~~~~~~~~~~~~~~~~~~~~~~~~~~~~~~[0m

[96msrc/modules/comments/domain/comment.ts[0m:[93m2[0m:[93m10[0m - [91merror[0m[90m TS2305: [0mModule '"@dddforum/api/src/votes"' has no exported member 'VoteType'.

[7m2[0m import { VoteType } from "@dddforum/api/src/votes";
[7m [0m [91m         ~~~~~~~~[0m

[96msrc/modules/comments/domain/commentVote.ts[0m:[93m6[0m:[93m10[0m - [91merror[0m[90m TS2305: [0mModule '"@dddforum/api/src/votes"' has no exported member 'VoteType'.

[7m6[0m import { VoteType } from "@dddforum/api/src/votes";
[7m [0m [91m         ~~~~~~~~[0m

[96msrc/modules/members/application/useCases/createMember/createMember.unit.ts[0m:[93m17[0m:[93m61[0m - [91merror[0m[90m TS2345: [0mArgument of type 'import("/Users/khalilstemmler/Documents/Personal/current/the-software-essentialist/ThePhasesOfCraftship/5_value_first/exercises/1_frontend-fa2str/packages/outbox/src/index").EventOutboxTable' is not assignable to parameter of type 'import("/Users/khalilstemmler/Documents/Personal/current/the-software-essentialist/ThePhasesOfCraftship/5_value_first/exercises/1_frontend-fa2str/packages/outbox/dist/index").EventOutboxTable'.
  Property 'database' is private in type 'EventOutboxTable' but not in type 'EventOutboxTable'.

[7m17[0m   let membersRepo = new ProductionMembersRepository(prisma, outboxTable);
[7m  [0m [91m                                                            ~~~~~~~~~~~[0m

[96msrc/modules/members/domain/member.ts[0m:[93m8[0m:[93m10[0m - [91merror[0m[90m TS2305: [0mModule '"@dddforum/api/src/members"' has no exported member 'MemberDTO'.

[7m8[0m import { MemberDTO } from "@dddforum/api/src/members";
[7m [0m [91m         ~~~~~~~~~[0m

[96msrc/modules/members/domain/memberReadModel.ts[0m:[93m1[0m:[93m10[0m - [91merror[0m[90m TS2305: [0mModule '"@dddforum/api/src/members"' has no exported member 'MemberDTO'.

[7m1[0m import { MemberDTO } from "@dddforum/api/src/members";
[7m [0m [91m         ~~~~~~~~~[0m

[96msrc/modules/members/memberCommands.ts[0m:[93m3[0m:[93m10[0m - [91merror[0m[90m TS2305: [0mModule '"@dddforum/api/src/members"' has no exported member 'CreateMemberInput'.

[7m3[0m import { CreateMemberInput } from "@dddforum/api/src/members";
[7m [0m [91m         ~~~~~~~~~~~~~~~~~[0m

[96msrc/modules/posts/application/postsService.ts[0m:[93m3[0m:[93m35[0m - [91merror[0m[90m TS2307: [0mCannot find module '../postsCommands' or its corresponding type declarations.

[7m3[0m import { CreatePostCommand } from "../postsCommands";
[7m [0m [91m                                  ~~~~~~~~~~~~~~~~~~[0m

[96msrc/modules/posts/application/useCases/createPost/createPost.ts[0m:[93m7[0m:[93m35[0m - [91merror[0m[90m TS2307: [0mCannot find module '../../../postsCommands' or its corresponding type declarations.

[7m7[0m import { CreatePostCommand } from "../../../postsCommands";
[7m [0m [91m                                  ~~~~~~~~~~~~~~~~~~~~~~~~[0m

[96msrc/modules/posts/application/useCases/createPost/createPost.ts[0m:[93m38[0m:[93m7[0m - [91merror[0m[90m TS2353: [0mObject literal may only specify known properties, and 'title' does not exist in type 'CreatePostCommand'.

[7m38[0m       title: title,
[7m  [0m [91m      ~~~~~[0m

[96msrc/modules/posts/application/useCases/createPost/createPost.unit.ts[0m:[93m7[0m:[93m35[0m - [91merror[0m[90m TS2307: [0mCannot find module '../../../postsCommands' or its corresponding type declarations.

[7m7[0m import { CreatePostCommand } from "../../../postsCommands";
[7m [0m [91m                                  ~~~~~~~~~~~~~~~~~~~~~~~~[0m

[96msrc/modules/posts/application/useCases/createPost/createPost.unit.ts[0m:[93m34[0m:[93m61[0m - [91merror[0m[90m TS2345: [0mArgument of type 'import("/Users/khalilstemmler/Documents/Personal/current/the-software-essentialist/ThePhasesOfCraftship/5_value_first/exercises/1_frontend-fa2str/packages/outbox/src/index").EventOutboxTable' is not assignable to parameter of type 'import("/Users/khalilstemmler/Documents/Personal/current/the-software-essentialist/ThePhasesOfCraftship/5_value_first/exercises/1_frontend-fa2str/packages/outbox/dist/index").EventOutboxTable'.
  Property 'database' is private in type 'EventOutboxTable' but not in type 'EventOutboxTable'.

[7m34[0m   let membersRepo = new ProductionMembersRepository(prisma, outboxTable);
[7m  [0m [91m                                                            ~~~~~~~~~~~[0m

[96msrc/modules/posts/domain/commentReadModel.ts[0m:[93m2[0m:[93m10[0m - [91merror[0m[90m TS2305: [0mModule '"@dddforum/api/src/comments"' has no exported member 'CommentDTO'.

[7m2[0m import { CommentDTO } from "@dddforum/api/src/comments";
[7m [0m [91m         ~~~~~~~~~~[0m

[96msrc/modules/posts/domain/post.ts[0m:[93m66[0m:[93m30[0m - [91merror[0m[90m TS2339: [0mProperty 'postType' does not exist on type 'CreatePostCommand'.

[7m66[0m     const isTextPost = input.postType === 'text';
[7m  [0m [91m                             ~~~~~~~~[0m

[96msrc/modules/posts/domain/post.ts[0m:[93m85[0m:[93m27[0m - [91merror[0m[90m TS2345: [0mArgument of type '{ voteScore: number; id: `${string}-${string}-${string}-${string}-${string}`; }' is not assignable to parameter of type 'PostProps'.
  Type '{ voteScore: number; id: `${string}-${string}-${string}-${string}-${string}`; }' is missing the following properties from type 'PostProps': memberId, title, postType

[7m 85[0m     const post = new Post({
[7m   [0m [91m                          ~[0m
[7m 86[0m       ...input,
[7m   [0m [91m~~~~~~~~~~~~~~~[0m
[7m...[0m 
[7m 88[0m       id: postId,
[7m   [0m [91m~~~~~~~~~~~~~~~~~[0m
[7m 89[0m     });
[7m   [0m [91m~~~~~[0m

[96msrc/modules/posts/domain/post.ts[0m:[93m91[0m:[93m62[0m - [91merror[0m[90m TS2339: [0mProperty 'memberId' does not exist on type 'CreatePostCommand'.

[7m91[0m     const postCreated = PostCreated.create({ memberId: input.memberId, postId })
[7m  [0m [91m                                                             ~~~~~~~~[0m

[96msrc/modules/posts/domain/postVote.ts[0m:[93m7[0m:[93m10[0m - [91merror[0m[90m TS2305: [0mModule '"@dddforum/api/src/votes"' has no exported member 'PostVoteDTO'.

[7m7[0m import { PostVoteDTO, VoteType } from "@dddforum/api/src/votes";
[7m [0m [91m         ~~~~~~~~~~~[0m

[96msrc/modules/posts/domain/postVote.ts[0m:[93m7[0m:[93m23[0m - [91merror[0m[90m TS2305: [0mModule '"@dddforum/api/src/votes"' has no exported member 'VoteType'.

[7m7[0m import { PostVoteDTO, VoteType } from "@dddforum/api/src/votes";
[7m [0m [91m                      ~~~~~~~~[0m

[96msrc/modules/posts/postsModule.ts[0m:[93m7[0m:[93m26[0m - [91merror[0m[90m TS2307: [0mCannot find module '../../shared/database' or its corresponding type declarations.

[7m7[0m import { Database } from "../../shared/database";
[7m [0m [91m                         ~~~~~~~~~~~~~~~~~~~~~~~[0m

[96msrc/modules/posts/postsModule.ts[0m:[93m13[0m:[93m34[0m - [91merror[0m[90m TS2307: [0mCannot find module '@dddforum/outbox/eventOutboxTable' or its corresponding type declarations.

[7m13[0m import { EventOutboxTable } from "@dddforum/outbox/eventOutboxTable";
[7m  [0m [91m                                 ~~~~~~~~~~~~~~~~~~~~~~~~~~~~~~~~~~~[0m

[96msrc/modules/posts/repos/adapters/productionPostsRepository.ts[0m:[93m3[0m:[93m31[0m - [91merror[0m[90m TS2307: [0mCannot find module '../../../../shared/exceptions' or its corresponding type declarations.

[7m3[0m import { DatabaseError } from "../../../../shared/exceptions";
[7m [0m [91m                              ~~~~~~~~~~~~~~~~~~~~~~~~~~~~~~~[0m

[96msrc/modules/posts/repos/adapters/productionPostsRepository.ts[0m:[93m5[0m:[93m31[0m - [91merror[0m[90m TS2307: [0mCannot find module '../../postsQuery' or its corresponding type declarations.

[7m5[0m import { GetPostsQuery } from "../../postsQuery";
[7m [0m [91m                              ~~~~~~~~~~~~~~~~~~[0m

[96msrc/modules/posts/repos/adapters/productionPostsRepository.ts[0m:[93m10[0m:[93m34[0m - [91merror[0m[90m TS2307: [0mCannot find module '@dddforum/outbox/eventOutboxTable' or its corresponding type declarations.

[7m10[0m import { EventOutboxTable } from "@dddforum/outbox/eventOutboxTable";
[7m  [0m [91m                                 ~~~~~~~~~~~~~~~~~~~~~~~~~~~~~~~~~~~[0m

[96msrc/modules/votes/application/useCases/updateMemberReputation/updateMemberReputationScore.ts[0m:[93m6[0m:[93m52[0m - [91merror[0m[90m TS2306: [0mFile '/Users/khalilstemmler/Documents/Personal/current/the-software-essentialist/ThePhasesOfCraftship/5_value_first/exercises/1_frontend-fa2str/apps/backend/src/modules/votes/votesCommands.ts' is not a module.

[7m6[0m import { UpdateMemberReputationScoreCommand } from "../../../votesCommands";
[7m [0m [91m                                                   ~~~~~~~~~~~~~~~~~~~~~~~~[0m

[96msrc/modules/votes/application/useCases/updateMemberReputation/updateMemberReputationScore.unit.ts[0m:[93m8[0m:[93m52[0m - [91merror[0m[90m TS2306: [0mFile '/Users/khalilstemmler/Documents/Personal/current/the-software-essentialist/ThePhasesOfCraftship/5_value_first/exercises/1_frontend-fa2str/apps/backend/src/modules/votes/votesCommands.ts' is not a module.

[7m8[0m import { UpdateMemberReputationScoreCommand } from "../../../votesCommands";
[7m [0m [91m                                                   ~~~~~~~~~~~~~~~~~~~~~~~~[0m

[96msrc/modules/votes/application/useCases/updateMemberReputation/updateMemberReputationScore.unit.ts[0m:[93m49[0m:[93m61[0m - [91merror[0m[90m TS2345: [0mArgument of type 'import("/Users/khalilstemmler/Documents/Personal/current/the-software-essentialist/ThePhasesOfCraftship/5_value_first/exercises/1_frontend-fa2str/packages/outbox/src/index").EventOutboxTable' is not assignable to parameter of type 'import("/Users/khalilstemmler/Documents/Personal/current/the-software-essentialist/ThePhasesOfCraftship/5_value_first/exercises/1_frontend-fa2str/packages/outbox/dist/index").EventOutboxTable'.
  Property 'database' is private in type 'EventOutboxTable' but not in type 'EventOutboxTable'.

[7m49[0m   let membersRepo = new ProductionMembersRepository(prisma, eventsTable);
[7m  [0m [91m                                                            ~~~~~~~~~~~[0m

[96msrc/modules/votes/application/useCases/voteOnComment/voteOnComment.unit.ts[0m:[93m19[0m:[93m59[0m - [91merror[0m[90m TS2345: [0mArgument of type 'import("/Users/khalilstemmler/Documents/Personal/current/the-software-essentialist/ThePhasesOfCraftship/5_value_first/exercises/1_frontend-fa2str/packages/outbox/src/index").EventOutboxTable' is not assignable to parameter of type 'import("/Users/khalilstemmler/Documents/Personal/current/the-software-essentialist/ThePhasesOfCraftship/5_value_first/exercises/1_frontend-fa2str/packages/outbox/dist/index").EventOutboxTable'.
  Property 'database' is private in type 'EventOutboxTable' but not in type 'EventOutboxTable'.

[7m19[0m let membersRepo = new ProductionMembersRepository(prisma, outboxTable);
[7m  [0m [91m                                                          ~~~~~~~~~~~[0m

[96msrc/modules/votes/application/useCases/voteOnPost/voteOnPost.infra.ts[0m:[93m7[0m:[93m35[0m - [91merror[0m[90m TS2306: [0mFile '/Users/khalilstemmler/Documents/Personal/current/the-software-essentialist/ThePhasesOfCraftship/5_value_first/exercises/1_frontend-fa2str/apps/backend/src/modules/votes/votesCommands.ts' is not a module.

[7m7[0m import { VoteOnPostCommand } from "../../../votesCommands";
[7m [0m [91m                                  ~~~~~~~~~~~~~~~~~~~~~~~~[0m

[96msrc/modules/votes/application/useCases/voteOnPost/voteOnPost.infra.ts[0m:[93m21[0m:[93m68[0m - [91merror[0m[90m TS2345: [0mArgument of type 'import("/Users/khalilstemmler/Documents/Personal/current/the-software-essentialist/ThePhasesOfCraftship/5_value_first/exercises/1_frontend-fa2str/packages/outbox/src/index").EventOutboxTable' is not assignable to parameter of type 'import("/Users/khalilstemmler/Documents/Personal/current/the-software-essentialist/ThePhasesOfCraftship/5_value_first/exercises/1_frontend-fa2str/packages/outbox/dist/index").EventOutboxTable'.
  Property 'database' is private in type 'EventOutboxTable' but not in type 'EventOutboxTable'.

[7m21[0m   const memberRepository = new ProductionMembersRepository(prisma, eventsTable);
[7m  [0m [91m                                                                   ~~~~~~~~~~~[0m

[96msrc/modules/votes/application/useCases/voteOnPost/voteOnPost.ts[0m:[93m7[0m:[93m35[0m - [91merror[0m[90m TS2306: [0mFile '/Users/khalilstemmler/Documents/Personal/current/the-software-essentialist/ThePhasesOfCraftship/5_value_first/exercises/1_frontend-fa2str/apps/backend/src/modules/votes/votesCommands.ts' is not a module.

[7m7[0m import { VoteOnPostCommand } from "../../../votesCommands";
[7m [0m [91m                                  ~~~~~~~~~~~~~~~~~~~~~~~~[0m

[96msrc/modules/votes/application/votesService.ts[0m:[93m8[0m:[93m93[0m - [91merror[0m[90m TS2306: [0mFile '/Users/khalilstemmler/Documents/Personal/current/the-software-essentialist/ThePhasesOfCraftship/5_value_first/exercises/1_frontend-fa2str/apps/backend/src/modules/votes/votesCommands.ts' is not a module.

[7m8[0m import { UpdateMemberReputationScoreCommand, VoteOnCommentCommand, VoteOnPostCommand } from "../votesCommands";
[7m [0m [91m                                                                                            ~~~~~~~~~~~~~~~~~~[0m

[96msrc/modules/votes/application/votesSubscriptions.ts[0m:[93m4[0m:[93m71[0m - [91merror[0m[90m TS2306: [0mFile '/Users/khalilstemmler/Documents/Personal/current/the-software-essentialist/ThePhasesOfCraftship/5_value_first/exercises/1_frontend-fa2str/apps/backend/src/modules/votes/votesCommands.ts' is not a module.

[7m4[0m import { UpdateMemberReputationScoreCommand, VoteOnPostCommand } from "../votesCommands";
[7m [0m [91m                                                                      ~~~~~~~~~~~~~~~~~~[0m

[96msrc/modules/votes/votesController.ts[0m:[93m3[0m:[93m40[0m - [91merror[0m[90m TS2307: [0mCannot find module '@dddforum/api/votes' or its corresponding type declarations.
  There are types at '/Users/khalilstemmler/Documents/Personal/current/the-software-essentialist/ThePhasesOfCraftship/5_value_first/exercises/1_frontend-fa2str/apps/backend/node_modules/@dddforum/api/src/votes.ts', but this result could not be resolved under your current 'moduleResolution' setting. Consider updating to 'node16', 'nodenext', or 'bundler'.

[7m3[0m import { VoteOnPostAPIResponse  } from "@dddforum/api/votes";
[7m [0m [91m                                       ~~~~~~~~~~~~~~~~~~~~~[0m

[96msrc/modules/votes/votesController.ts[0m:[93m5[0m:[93m35[0m - [91merror[0m[90m TS2306: [0mFile '/Users/khalilstemmler/Documents/Personal/current/the-software-essentialist/ThePhasesOfCraftship/5_value_first/exercises/1_frontend-fa2str/apps/backend/src/modules/votes/votesCommands.ts' is not a module.

[7m5[0m import { VoteOnPostCommand } from "./votesCommands";
[7m [0m [91m                                  ~~~~~~~~~~~~~~~~~[0m

[96msrc/modules/votes/votesErrors.ts[0m:[93m11[0m:[93m11[0m - [91merror[0m[90m TS2304: [0mCannot find name 'ApplicationErrorName'.

[7m11[0m     code: ApplicationErrorName
[7m  [0m [91m          ~~~~~~~~~~~~~~~~~~~~[0m

[96msrc/modules/votes/votesErrors.ts[0m:[93m22[0m:[93m21[0m - [91merror[0m[90m TS2304: [0mCannot find name 'ApplicationError'.

[7m22[0m   switch ((error as ApplicationError).name) {
[7m  [0m [91m                    ~~~~~~~~~~~~~~~~[0m

[96msrc/shared/application/applicationInterface.ts[0m:[93m5[0m:[93m10[0m - [91merror[0m[90m TS2305: [0mModule '"../../modules/users/application/userIdentityService"' has no exported member 'UsersService'.

[7m5[0m import { UsersService } from "../../modules/users/application/userIdentityService";
[7m [0m [91m         ~~~~~~~~~~~~[0m

[96msrc/shared/compositionRoot/index.ts[0m:[93m7[0m:[93m26[0m - [91merror[0m[90m TS2307: [0mCannot find module '../database' or its corresponding type declarations.

[7m7[0m import { Database } from "../database";
[7m [0m [91m                         ~~~~~~~~~~~~~[0m

[96msrc/shared/compositionRoot/index.ts[0m:[93m8[0m:[93m46[0m - [91merror[0m[90m TS2307: [0mCannot find module '../database/database' or its corresponding type declarations.

[7m8[0m import { FakeDatabase, PrismaDatabase } from "../database/database";
[7m [0m [91m                                             ~~~~~~~~~~~~~~~~~~~~~~[0m

[96msrc/shared/compositionRoot/index.ts[0m:[93m9[0m:[93m34[0m - [91merror[0m[90m TS2307: [0mCannot find module '@dddforum/outbox/eventOutboxTable' or its corresponding type declarations.

[7m9[0m import { EventOutboxTable } from "@dddforum/outbox/eventOutboxTable";
[7m [0m [91m                                 ~~~~~~~~~~~~~~~~~~~~~~~~~~~~~~~~~~~[0m

[96msrc/shared/compositionRoot/index.ts[0m:[93m16[0m:[93m8[0m - [91merror[0m[90m TS2307: [0mCannot find module '@dddforum/backend/src/modules' or its corresponding type declarations.

[7m16[0m } from "@dddforum/backend/src/modules";
[7m  [0m [91m       ~~~~~~~~~~~~~~~~~~~~~~~~~~~~~~~[0m

[96msrc/shared/compositionRoot/index.ts[0m:[93m17[0m:[93m30[0m - [91merror[0m[90m TS2307: [0mCannot find module '@dddforum/bus/natsEventBus' or its corresponding type declarations.

[7m17[0m import { NatsEventBus } from "@dddforum/bus/natsEventBus";
[7m  [0m [91m                             ~~~~~~~~~~~~~~~~~~~~~~~~~~~~[0m

[96msrc/shared/errors/index.ts[0m:[93m2[0m:[93m33[0m - [91merror[0m[90m TS2307: [0mCannot find module '../exceptions' or its corresponding type declarations.

[7m2[0m import { CustomException } from "../exceptions";
[7m [0m [91m                                ~~~~~~~~~~~~~~~[0m

[96m../../packages/api/src/marketing.ts[0m:[93m4[0m:[93m49[0m - [91merror[0m[90m TS7016: [0mCould not find a declaration file for module '@dddforum/errors'. '/Users/khalilstemmler/Documents/Personal/current/the-software-essentialist/ThePhasesOfCraftship/5_value_first/exercises/1_frontend-fa2str/node_modules/.pnpm/file+packages+errors/node_modules/@dddforum/errors/dist/index.js' implicitly has an 'any' type.
  There are types at '/Users/khalilstemmler/Documents/Personal/current/the-software-essentialist/ThePhasesOfCraftship/5_value_first/exercises/1_frontend-fa2str/packages/api/node_modules/@dddforum/errors/src/index.ts', but this result could not be resolved under your current 'moduleResolution' setting. Consider updating to 'node16', 'nodenext', or 'bundler'.

[7m4[0m import { GenericApplicationOrServerError } from "@dddforum/errors";
[7m [0m [91m                                                ~~~~~~~~~~~~~~~~~~[0m

[96m../../packages/api/src/members.ts[0m:[93m4[0m:[93m49[0m - [91merror[0m[90m TS7016: [0mCould not find a declaration file for module '@dddforum/errors'. '/Users/khalilstemmler/Documents/Personal/current/the-software-essentialist/ThePhasesOfCraftship/5_value_first/exercises/1_frontend-fa2str/node_modules/.pnpm/file+packages+errors/node_modules/@dddforum/errors/dist/index.js' implicitly has an 'any' type.
  There are types at '/Users/khalilstemmler/Documents/Personal/current/the-software-essentialist/ThePhasesOfCraftship/5_value_first/exercises/1_frontend-fa2str/packages/api/node_modules/@dddforum/errors/src/index.ts', but this result could not be resolved under your current 'moduleResolution' setting. Consider updating to 'node16', 'nodenext', or 'bundler'.

[7m4[0m import { GenericApplicationOrServerError } from "@dddforum/errors";
[7m [0m [91m                                                ~~~~~~~~~~~~~~~~~~[0m

[96m../../packages/api/src/posts.ts[0m:[93m7[0m:[93m35[0m - [91merror[0m[90m TS2307: [0mCannot find module '@dddforum/errors/application' or its corresponding type declarations.
  There are types at '/Users/khalilstemmler/Documents/Personal/current/the-software-essentialist/ThePhasesOfCraftship/5_value_first/exercises/1_frontend-fa2str/packages/api/node_modules/@dddforum/errors/src/application.ts', but this result could not be resolved under your current 'moduleResolution' setting. Consider updating to 'node16', 'nodenext', or 'bundler'.

[7m7[0m import { ApplicationErrors } from "@dddforum/errors/application";
[7m [0m [91m                                  ~~~~~~~~~~~~~~~~~~~~~~~~~~~~~~[0m

[96m../../packages/api/src/posts.ts[0m:[93m8[0m:[93m30[0m - [91merror[0m[90m TS2307: [0mCannot find module '@dddforum/errors/server' or its corresponding type declarations.
  There are types at '/Users/khalilstemmler/Documents/Personal/current/the-software-essentialist/ThePhasesOfCraftship/5_value_first/exercises/1_frontend-fa2str/packages/api/node_modules/@dddforum/errors/src/server.ts', but this result could not be resolved under your current 'moduleResolution' setting. Consider updating to 'node16', 'nodenext', or 'bundler'.

[7m8[0m import { ServerErrors } from "@dddforum/errors/server";
[7m [0m [91m                             ~~~~~~~~~~~~~~~~~~~~~~~~~[0m

[96m../../packages/api/src/posts.ts[0m:[93m9[0m:[93m49[0m - [91merror[0m[90m TS7016: [0mCould not find a declaration file for module '@dddforum/errors'. '/Users/khalilstemmler/Documents/Personal/current/the-software-essentialist/ThePhasesOfCraftship/5_value_first/exercises/1_frontend-fa2str/node_modules/.pnpm/file+packages+errors/node_modules/@dddforum/errors/dist/index.js' implicitly has an 'any' type.
  There are types at '/Users/khalilstemmler/Documents/Personal/current/the-software-essentialist/ThePhasesOfCraftship/5_value_first/exercises/1_frontend-fa2str/packages/api/node_modules/@dddforum/errors/src/index.ts', but this result could not be resolved under your current 'moduleResolution' setting. Consider updating to 'node16', 'nodenext', or 'bundler'.

[7m9[0m import { GenericApplicationOrServerError } from "@dddforum/errors";
[7m [0m [91m                                                ~~~~~~~~~~~~~~~~~~[0m

[96m../../packages/api/src/users.ts[0m:[93m3[0m:[93m63[0m - [91merror[0m[90m TS7016: [0mCould not find a declaration file for module '@dddforum/errors'. '/Users/khalilstemmler/Documents/Personal/current/the-software-essentialist/ThePhasesOfCraftship/5_value_first/exercises/1_frontend-fa2str/node_modules/.pnpm/file+packages+errors/node_modules/@dddforum/errors/dist/index.js' implicitly has an 'any' type.
  There are types at '/Users/khalilstemmler/Documents/Personal/current/the-software-essentialist/ThePhasesOfCraftship/5_value_first/exercises/1_frontend-fa2str/packages/api/node_modules/@dddforum/errors/src/index.ts', but this result could not be resolved under your current 'moduleResolution' setting. Consider updating to 'node16', 'nodenext', or 'bundler'.

[7m3[0m import { GenericApplicationOrServerError, ServerErrors } from "@dddforum/errors";
[7m [0m [91m                                                              ~~~~~~~~~~~~~~~~~~[0m

[96m../../packages/api/src/users.ts[0m:[93m4[0m:[93m26[0m - [91merror[0m[90m TS2307: [0mCannot find module '@dddforum/core' or its corresponding type declarations.
  There are types at '/Users/khalilstemmler/Documents/Personal/current/the-software-essentialist/ThePhasesOfCraftship/5_value_first/exercises/1_frontend-fa2str/packages/api/node_modules/@dddforum/core/src/index.ts', but this result could not be resolved under your current 'moduleResolution' setting. Consider updating to 'node16', 'nodenext', or 'bundler'.

[7m4[0m import { TextUtil } from "@dddforum/core"
[7m [0m [91m                         ~~~~~~~~~~~~~~~~[0m

[96m../../packages/api/src/votes.ts[0m:[93m3[0m:[93m63[0m - [91merror[0m[90m TS7016: [0mCould not find a declaration file for module '@dddforum/errors'. '/Users/khalilstemmler/Documents/Personal/current/the-software-essentialist/ThePhasesOfCraftship/5_value_first/exercises/1_frontend-fa2str/node_modules/.pnpm/file+packages+errors/node_modules/@dddforum/errors/dist/index.js' implicitly has an 'any' type.
  There are types at '/Users/khalilstemmler/Documents/Personal/current/the-software-essentialist/ThePhasesOfCraftship/5_value_first/exercises/1_frontend-fa2str/packages/api/node_modules/@dddforum/errors/src/index.ts', but this result could not be resolved under your current 'moduleResolution' setting. Consider updating to 'node16', 'nodenext', or 'bundler'.

[7m3[0m import { GenericApplicationOrServerError, ServerErrors } from "@dddforum/errors";
[7m [0m [91m                                                              ~~~~~~~~~~~~~~~~~~[0m

[96m../../packages/bus/src/adapters/inMemoryEventBus.ts[0m:[93m1[0m:[93m29[0m - [91merror[0m[90m TS2307: [0mCannot find module '@dddforum/core' or its corresponding type declarations.
  There are types at '/Users/khalilstemmler/Documents/Personal/current/the-software-essentialist/ThePhasesOfCraftship/5_value_first/exercises/1_frontend-fa2str/packages/api/node_modules/@dddforum/core/src/index.ts', but this result could not be resolved under your current 'moduleResolution' setting. Consider updating to 'node16', 'nodenext', or 'bundler'.

[7m1[0m import { DomainEvent } from "@dddforum/core";
[7m [0m [91m                            ~~~~~~~~~~~~~~~~[0m

[96m../../packages/bus/src/adapters/natsEventBus.ts[0m:[93m1[0m:[93m29[0m - [91merror[0m[90m TS2307: [0mCannot find module '@dddforum/core' or its corresponding type declarations.
  There are types at '/Users/khalilstemmler/Documents/Personal/current/the-software-essentialist/ThePhasesOfCraftship/5_value_first/exercises/1_frontend-fa2str/packages/api/node_modules/@dddforum/core/src/index.ts', but this result could not be resolved under your current 'moduleResolution' setting. Consider updating to 'node16', 'nodenext', or 'bundler'.

[7m1[0m import { DomainEvent } from "@dddforum/core";
[7m [0m [91m                            ~~~~~~~~~~~~~~~~[0m

[96m../../packages/bus/src/ports/eventBus.ts[0m:[93m1[0m:[93m29[0m - [91merror[0m[90m TS2307: [0mCannot find module '@dddforum/core' or its corresponding type declarations.
  There are types at '/Users/khalilstemmler/Documents/Personal/current/the-software-essentialist/ThePhasesOfCraftship/5_value_first/exercises/1_frontend-fa2str/packages/api/node_modules/@dddforum/core/src/index.ts', but this result could not be resolved under your current 'moduleResolution' setting. Consider updating to 'node16', 'nodenext', or 'bundler'.

[7m1[0m import { DomainEvent } from "@dddforum/core";
[7m [0m [91m                            ~~~~~~~~~~~~~~~~[0m

[96m../../packages/outbox/src/index.ts[0m:[93m2[0m:[93m41[0m - [91merror[0m[90m TS2307: [0mCannot find module '@dddforum/core' or its corresponding type declarations.
  There are types at '/Users/khalilstemmler/Documents/Personal/current/the-software-essentialist/ThePhasesOfCraftship/5_value_first/exercises/1_frontend-fa2str/packages/api/node_modules/@dddforum/core/src/index.ts', but this result could not be resolved under your current 'moduleResolution' setting. Consider updating to 'node16', 'nodenext', or 'bundler'.

[7m2[0m import { DomainEvent, EventModel } from "@dddforum/core"
[7m [0m [91m                                        ~~~~~~~~~~~~~~~~[0m

[96m../../packages/outbox/src/index.ts[0m:[93m3[0m:[93m26[0m - [91merror[0m[90m TS2307: [0mCannot find module '@dddforum/database' or its corresponding type declarations.
  There are types at '/Users/khalilstemmler/Documents/Personal/current/the-software-essentialist/ThePhasesOfCraftship/5_value_first/exercises/1_frontend-fa2str/packages/outbox/node_modules/@dddforum/database/src/index.ts', but this result could not be resolved under your current 'moduleResolution' setting. Consider updating to 'node16', 'nodenext', or 'bundler'.

[7m3[0m import { Database } from '@dddforum/database';
[7m [0m [91m                         ~~~~~~~~~~~~~~~~~~~~[0m


Found 56 errors in 36 files.

Errors  Files
     1  src/modules/comments/application/useCases/voteOnComment/voteOnComment.ts[90m:9[0m
     1  src/modules/comments/domain/comment.ts[90m:2[0m
     1  src/modules/comments/domain/commentVote.ts[90m:6[0m
     1  src/modules/members/application/useCases/createMember/createMember.unit.ts[90m:17[0m
     1  src/modules/members/domain/member.ts[90m:8[0m
     1  src/modules/members/domain/memberReadModel.ts[90m:1[0m
     1  src/modules/members/memberCommands.ts[90m:3[0m
     1  src/modules/posts/application/postsService.ts[90m:3[0m
     2  src/modules/posts/application/useCases/createPost/createPost.ts[90m:7[0m
     2  src/modules/posts/application/useCases/createPost/createPost.unit.ts[90m:7[0m
     1  src/modules/posts/domain/commentReadModel.ts[90m:2[0m
     3  src/modules/posts/domain/post.ts[90m:66[0m
     2  src/modules/posts/domain/postVote.ts[90m:7[0m
     2  src/modules/posts/postsModule.ts[90m:7[0m
     3  src/modules/posts/repos/adapters/productionPostsRepository.ts[90m:3[0m
     1  src/modules/votes/application/useCases/updateMemberReputation/updateMemberReputationScore.ts[90m:6[0m
     2  src/modules/votes/application/useCases/updateMemberReputation/updateMemberReputationScore.unit.ts[90m:8[0m
     1  src/modules/votes/application/useCases/voteOnComment/voteOnComment.unit.ts[90m:19[0m
     2  src/modules/votes/application/useCases/voteOnPost/voteOnPost.infra.ts[90m:7[0m
     1  src/modules/votes/application/useCases/voteOnPost/voteOnPost.ts[90m:7[0m
     1  src/modules/votes/application/votesService.ts[90m:8[0m
     1  src/modules/votes/application/votesSubscriptions.ts[90m:4[0m
     2  src/modules/votes/votesController.ts[90m:3[0m
     2  src/modules/votes/votesErrors.ts[90m:11[0m
     1  src/shared/application/applicationInterface.ts[90m:5[0m
     5  src/shared/compositionRoot/index.ts[90m:7[0m
     1  src/shared/errors/index.ts[90m:2[0m
     1  ../../packages/api/src/marketing.ts[90m:4[0m
     1  ../../packages/api/src/members.ts[90m:4[0m
     3  ../../packages/api/src/posts.ts[90m:7[0m
     2  ../../packages/api/src/users.ts[90m:3[0m
     1  ../../packages/api/src/votes.ts[90m:3[0m
     1  ../../packages/bus/src/adapters/inMemoryEventBus.ts[90m:1[0m
     1  ../../packages/bus/src/adapters/natsEventBus.ts[90m:1[0m
     1  ../../packages/bus/src/ports/eventBus.ts[90m:1[0m
     2  ../../packages/outbox/src/index.ts[90m:2[0m
[41m[30mâ€‰ELIFECYCLEâ€‰[39m[49m [31mCommand failed with exit code 2.[39m
